mode: set
github.com/camconte/backpack-bcgow6-camila-conte/GoTesting/Clase2-TM/internal/products/mock_storage.go:8.53,12.2 3 1
github.com/camconte/backpack-bcgow6-camila-conte/GoTesting/Clase2-TM/internal/products/mock_storage.go:14.52,19.2 4 1
github.com/camconte/backpack-bcgow6-camila-conte/GoTesting/Clase2-TM/internal/products/repository.go:36.47,40.2 1 1
github.com/camconte/backpack-bcgow6-camila-conte/GoTesting/Clase2-TM/internal/products/repository.go:42.49,46.15 3 1
github.com/camconte/backpack-bcgow6-camila-conte/GoTesting/Clase2-TM/internal/products/repository.go:50.2,50.27 1 1
github.com/camconte/backpack-bcgow6-camila-conte/GoTesting/Clase2-TM/internal/products/repository.go:46.15,48.3 1 0
github.com/camconte/backpack-bcgow6-camila-conte/GoTesting/Clase2-TM/internal/products/repository.go:53.153,57.15 3 0
github.com/camconte/backpack-bcgow6-camila-conte/GoTesting/Clase2-TM/internal/products/repository.go:61.2,66.49 3 0
github.com/camconte/backpack-bcgow6-camila-conte/GoTesting/Clase2-TM/internal/products/repository.go:70.2,70.15 1 0
github.com/camconte/backpack-bcgow6-camila-conte/GoTesting/Clase2-TM/internal/products/repository.go:57.15,59.3 1 0
github.com/camconte/backpack-bcgow6-camila-conte/GoTesting/Clase2-TM/internal/products/repository.go:66.49,68.3 1 0
github.com/camconte/backpack-bcgow6-camila-conte/GoTesting/Clase2-TM/internal/products/repository.go:73.43,77.15 3 0
github.com/camconte/backpack-bcgow6-camila-conte/GoTesting/Clase2-TM/internal/products/repository.go:81.2,81.29 1 0
github.com/camconte/backpack-bcgow6-camila-conte/GoTesting/Clase2-TM/internal/products/repository.go:85.2,85.52 1 0
github.com/camconte/backpack-bcgow6-camila-conte/GoTesting/Clase2-TM/internal/products/repository.go:77.15,79.3 1 0
github.com/camconte/backpack-bcgow6-camila-conte/GoTesting/Clase2-TM/internal/products/repository.go:81.29,83.3 1 0
github.com/camconte/backpack-bcgow6-camila-conte/GoTesting/Clase2-TM/internal/products/repository.go:89.136,102.15 4 1
github.com/camconte/backpack-bcgow6-camila-conte/GoTesting/Clase2-TM/internal/products/repository.go:107.2,108.40 2 1
github.com/camconte/backpack-bcgow6-camila-conte/GoTesting/Clase2-TM/internal/products/repository.go:117.2,117.14 1 1
github.com/camconte/backpack-bcgow6-camila-conte/GoTesting/Clase2-TM/internal/products/repository.go:122.2,122.49 1 1
github.com/camconte/backpack-bcgow6-camila-conte/GoTesting/Clase2-TM/internal/products/repository.go:126.2,126.15 1 1
github.com/camconte/backpack-bcgow6-camila-conte/GoTesting/Clase2-TM/internal/products/repository.go:102.15,104.3 1 0
github.com/camconte/backpack-bcgow6-camila-conte/GoTesting/Clase2-TM/internal/products/repository.go:108.40,109.22 1 1
github.com/camconte/backpack-bcgow6-camila-conte/GoTesting/Clase2-TM/internal/products/repository.go:109.22,114.4 4 1
github.com/camconte/backpack-bcgow6-camila-conte/GoTesting/Clase2-TM/internal/products/repository.go:117.14,119.3 1 0
github.com/camconte/backpack-bcgow6-camila-conte/GoTesting/Clase2-TM/internal/products/repository.go:122.49,124.3 1 0
github.com/camconte/backpack-bcgow6-camila-conte/GoTesting/Clase2-TM/internal/products/repository.go:129.93,135.15 4 1
github.com/camconte/backpack-bcgow6-camila-conte/GoTesting/Clase2-TM/internal/products/repository.go:139.2,141.40 2 1
github.com/camconte/backpack-bcgow6-camila-conte/GoTesting/Clase2-TM/internal/products/repository.go:158.2,158.14 1 1
github.com/camconte/backpack-bcgow6-camila-conte/GoTesting/Clase2-TM/internal/products/repository.go:163.2,163.49 1 1
github.com/camconte/backpack-bcgow6-camila-conte/GoTesting/Clase2-TM/internal/products/repository.go:167.2,167.28 1 1
github.com/camconte/backpack-bcgow6-camila-conte/GoTesting/Clase2-TM/internal/products/repository.go:135.15,137.3 1 0
github.com/camconte/backpack-bcgow6-camila-conte/GoTesting/Clase2-TM/internal/products/repository.go:141.40,142.22 1 1
github.com/camconte/backpack-bcgow6-camila-conte/GoTesting/Clase2-TM/internal/products/repository.go:142.22,143.18 1 1
github.com/camconte/backpack-bcgow6-camila-conte/GoTesting/Clase2-TM/internal/products/repository.go:147.4,147.18 1 1
github.com/camconte/backpack-bcgow6-camila-conte/GoTesting/Clase2-TM/internal/products/repository.go:152.4,154.28 2 1
github.com/camconte/backpack-bcgow6-camila-conte/GoTesting/Clase2-TM/internal/products/repository.go:143.18,146.5 2 1
github.com/camconte/backpack-bcgow6-camila-conte/GoTesting/Clase2-TM/internal/products/repository.go:147.18,150.5 2 1
github.com/camconte/backpack-bcgow6-camila-conte/GoTesting/Clase2-TM/internal/products/repository.go:158.14,160.3 1 0
github.com/camconte/backpack-bcgow6-camila-conte/GoTesting/Clase2-TM/internal/products/repository.go:163.49,165.3 1 0
github.com/camconte/backpack-bcgow6-camila-conte/GoTesting/Clase2-TM/internal/products/repository.go:170.43,175.15 3 1
github.com/camconte/backpack-bcgow6-camila-conte/GoTesting/Clase2-TM/internal/products/repository.go:179.2,181.40 2 1
github.com/camconte/backpack-bcgow6-camila-conte/GoTesting/Clase2-TM/internal/products/repository.go:189.2,189.14 1 1
github.com/camconte/backpack-bcgow6-camila-conte/GoTesting/Clase2-TM/internal/products/repository.go:194.2,194.49 1 1
github.com/camconte/backpack-bcgow6-camila-conte/GoTesting/Clase2-TM/internal/products/repository.go:198.2,198.12 1 1
github.com/camconte/backpack-bcgow6-camila-conte/GoTesting/Clase2-TM/internal/products/repository.go:175.15,177.3 1 0
github.com/camconte/backpack-bcgow6-camila-conte/GoTesting/Clase2-TM/internal/products/repository.go:181.40,182.22 1 1
github.com/camconte/backpack-bcgow6-camila-conte/GoTesting/Clase2-TM/internal/products/repository.go:182.22,186.4 2 1
github.com/camconte/backpack-bcgow6-camila-conte/GoTesting/Clase2-TM/internal/products/repository.go:189.14,191.3 1 1
github.com/camconte/backpack-bcgow6-camila-conte/GoTesting/Clase2-TM/internal/products/repository.go:194.49,196.3 1 0
github.com/camconte/backpack-bcgow6-camila-conte/GoTesting/Clase2-TM/internal/products/service.go:18.38,22.2 1 1
github.com/camconte/backpack-bcgow6-camila-conte/GoTesting/Clase2-TM/internal/products/service.go:24.46,26.16 2 1
github.com/camconte/backpack-bcgow6-camila-conte/GoTesting/Clase2-TM/internal/products/service.go:30.2,30.22 1 1
github.com/camconte/backpack-bcgow6-camila-conte/GoTesting/Clase2-TM/internal/products/service.go:26.16,28.3 1 0
github.com/camconte/backpack-bcgow6-camila-conte/GoTesting/Clase2-TM/internal/products/service.go:33.124,35.15 2 0
github.com/camconte/backpack-bcgow6-camila-conte/GoTesting/Clase2-TM/internal/products/service.go:39.2,44.16 4 0
github.com/camconte/backpack-bcgow6-camila-conte/GoTesting/Clase2-TM/internal/products/service.go:48.2,48.21 1 0
github.com/camconte/backpack-bcgow6-camila-conte/GoTesting/Clase2-TM/internal/products/service.go:35.15,37.3 1 0
github.com/camconte/backpack-bcgow6-camila-conte/GoTesting/Clase2-TM/internal/products/service.go:44.16,46.3 1 0
github.com/camconte/backpack-bcgow6-camila-conte/GoTesting/Clase2-TM/internal/products/service.go:51.133,53.2 1 1
github.com/camconte/backpack-bcgow6-camila-conte/GoTesting/Clase2-TM/internal/products/service.go:55.90,57.2 1 0
github.com/camconte/backpack-bcgow6-camila-conte/GoTesting/Clase2-TM/internal/products/service.go:59.39,61.2 1 1
